<?xml version="1.0" encoding="UTF-8"?>
<!-- Generated by org.testng.reporters.JUnitXMLReporter -->
<testsuite ignored="0" hostname="lenovo" failures="1" tests="2" name="Test" time="80.449" errors="0" timestamp="31 Jul 2021 16:44:57 GMT">
  <testcase classname="SeleniumPractice.flikartHomePage" name="basePagenavigation" time="68.137"/>
  <testcase classname="SeleniumPractice.searchProduct" name="searchProduct" time="11.506">
    <failure type="java.lang.NullPointerException" message="Cannot invoke &amp;quot;org.openqa.selenium.WebDriver.findElement(org.openqa.selenium.By)&amp;quot; because &amp;quot;this.driver&amp;quot; is null">
      <![CDATA[java.lang.NullPointerException: Cannot invoke "org.openqa.selenium.WebDriver.findElement(org.openqa.selenium.By)" because "this.driver" is null
at pageObject.serachProductPage.getSearch(serachProductPage.java:14)
at SeleniumPractice.searchProduct.searchProduct(searchProduct.java:14)
... Removed 29 stack frames]]>
    </failure>
  </testcase> <!-- searchProduct -->
</testsuite> <!-- Test -->
